#
# A fatal error has been detected by the Java Runtime Environment:
#
#  Internal Error (javaClasses.cpp:136), pid=8572, tid=5528
#  fatal error: Invalid layout of preloaded class
#
# JRE version:  (7.0_60-b19) (build )
# Java VM: Java HotSpot(TM) Client VM (24.60-b09 mixed mode windows-x86 )
# Failed to write core dump. Minidumps are not enabled by default on client versions of Windows
#
# If you would like to submit a bug report, please visit:
#   http://bugreport.sun.com/bugreport/crash.jsp
#

---------------  T H R E A D  ---------------

Current thread (0x0087a800):  JavaThread "Unknown thread" [_thread_in_vm, id=5528, stack(0x00960000,0x009b0000)]

Stack: [0x00960000,0x009b0000],  sp=0x009afaf4,  free space=318k
Native frames: (J=compiled Java code, j=interpreted, Vv=VM code, C=native code)
V  [jvm.dll+0x190231]
V  [jvm.dll+0x189ec6]
V  [jvm.dll+0x35aba]
V  [jvm.dll+0x35b46]
V  [jvm.dll+0x4438d]
V  [jvm.dll+0x4463e]
V  [jvm.dll+0x92d3a]
V  [jvm.dll+0x930eb]
V  [jvm.dll+0x13f7c1]
V  [jvm.dll+0x1624ac]
V  [jvm.dll+0xc9b3f]
C  [javaw.exe+0x13ce]
C  [javaw.exe+0x1e40]
C  [javaw.exe+0xa5e1]
C  [javaw.exe+0xa66b]
C  [kernel32.dll+0xb729]


---------------  P R O C E S S  ---------------

Java Threads: ( => current thread )

Other Threads:

=>0x0087a800 (exited) JavaThread "Unknown thread" [_thread_in_vm, id=5528, stack(0x00960000,0x009b0000)]

VM state:not at safepoint (not fully initialized)

VM Mutex/Monitor currently owned by a thread: None

GC Heap History (0 events):
No events

Deoptimization events (0 events):
No events

Internal exceptions (0 events):
No events

Events (10 events):
Event: 1.097 loading class 0x02a77f28 done
Event: 1.097 loading class 0x02a779b8 done
Event: 1.097 loading class 0x02a77998
Event: 1.098 loading class 0x02a7ed48
Event: 1.150 loading class 0x02a7ed48 done
Event: 1.150 loading class 0x02a7ed78
Event: 1.150 loading class 0x02a7ed78 done
Event: 1.150 loading class 0x02a7eda8
Event: 1.150 loading class 0x02a7eda8 done
Event: 1.150 loading class 0x02a77998 done


Dynamic libraries:
0x00400000 - 0x0042f000 	E:\Program Files\Java\jre7\bin\javaw.exe
0x7c920000 - 0x7c9b3000 	C:\WINDOWS\system32\ntdll.dll
0x7c800000 - 0x7c91e000 	C:\WINDOWS\system32\kernel32.dll
0x77da0000 - 0x77e49000 	C:\WINDOWS\system32\ADVAPI32.dll
0x77e50000 - 0x77ee3000 	C:\WINDOWS\system32\RPCRT4.dll
0x77fc0000 - 0x77fd1000 	C:\WINDOWS\system32\Secur32.dll
0x77d10000 - 0x77da0000 	C:\WINDOWS\system32\USER32.dll
0x77ef0000 - 0x77f39000 	C:\WINDOWS\system32\GDI32.dll
0x77180000 - 0x77283000 	C:\WINDOWS\WinSxS\x86_Microsoft.Windows.Common-Controls_6595b64144ccf1df_6.0.2600.6028_x-ww_61e65202\COMCTL32.dll
0x77be0000 - 0x77c38000 	C:\WINDOWS\system32\msvcrt.dll
0x77f40000 - 0x77fb6000 	C:\WINDOWS\system32\SHLWAPI.dll
0x76300000 - 0x7631d000 	C:\WINDOWS\system32\IMM32.DLL
0x62c20000 - 0x62c29000 	C:\WINDOWS\system32\LPK.DLL
0x73fa0000 - 0x7400b000 	C:\WINDOWS\system32\USP10.dll
0x78aa0000 - 0x78b5f000 	E:\Program Files\Java\jre7\bin\msvcr100.dll
0x6e770000 - 0x6eaf8000 	E:\Program Files\Java\jre7\bin\client\jvm.dll
0x71a40000 - 0x71a4b000 	C:\WINDOWS\system32\WSOCK32.dll
0x71a20000 - 0x71a37000 	C:\WINDOWS\system32\WS2_32.dll
0x71a10000 - 0x71a18000 	C:\WINDOWS\system32\WS2HELP.dll
0x76b10000 - 0x76b3a000 	C:\WINDOWS\system32\WINMM.dll
0x76bc0000 - 0x76bcb000 	C:\WINDOWS\system32\PSAPI.DLL
0x6e6c0000 - 0x6e6cc000 	E:\Program Files\Java\jre7\bin\verify.dll
0x6d480000 - 0x6d4a0000 	E:\Program Files\Java\jre7\bin\java.dll
0x6e750000 - 0x6e763000 	E:\Program Files\Java\jre7\bin\zip.dll
0x68d60000 - 0x68e01000 	C:\WINDOWS\system32\dbghelp.dll
0x77bd0000 - 0x77bd8000 	C:\WINDOWS\system32\VERSION.dll

VM Arguments:
jvm_args: -Dfile.encoding=UTF-8 -Xbootclasspath:D:\application\adt-bundle-windows-x86-20140702\sdk\platforms\android-21\android.jar 
java_command: com.android.pps.util.Untilly
Launcher Type: SUN_STANDARD

Environment Variables:
JAVA_HOME=D:\java\jdk1.7.0_05
CLASSPATH=.;D:\Program Files\Apache Software Foundation\apache-tomcat-6.0.20\lib\servlet-api.jar;
PATH=E:/Program Files/Java/jre7/bin/client;E:/Program Files/Java/jre7/bin;E:/Program Files/Java/jre7/lib/i386;D:\cygwin\usr\sbin;D:\cygwin\bin;C:\Documents and Settings\Administrator\×ÀÃæ\dest\³ÌÐò;D;\oracle\myoracle\oracle\bin;C:\WINDOWS\system32;C:\WINDOWS;C:\WINDOWS\System32\Wbem;D:\oracle\myOracle\bin;D:\Program Files\MySQL\MySQL Server 5.5\bin\bin;D:\Program Files\MinGW\bin;C:\Program Files\NVIDIA Corporation\PhysX\Common;C:\WINDOWS\system32;C:\WINDOWS;C:\WINDOWS\System32\Wbem;D:\eclipse\android_sdk\tools;D:\eclipse\android_sdk\platform-tools;D:\Program Files\TortoiseSVN\bin;C:\Documents and Settings\Admin;D:\application\TortoiseGit\bin;D:\application\perforce;C:\Program Files\SourceGear\Common\DiffMerge\;E:\Program Files\TortoiseSVN\bin;D:\java\jdk1.7.0_05\bin;D:\Program Files\MATLAB\R2010b\runtime\win32;D:\Program Files\MATLAB\R2010b\bin;D:\application\opev249\opencv\Mingw\bin;D:\Qt\5.3\mingw482_32\bin;D:\Qt\Tools\mingw482_32\bin;E:\application\CMake\bin;E:\opencv\build\x86\mingw\bin;E:\application\opencv\opencv\build\x86\vc10\bin;C:\Documents and Settings\Administrator\×ÀÃæ\Java;D:\application\hadoop-1.2.1\bin;D:\application\WPS\9.1.0.4866\office6;C:\Program Files\Java\jre7\bin;D:\application\adt-bundle-windows-x86-20140702\eclipse;
USERNAME=Administrator
OS=Windows_NT
PROCESSOR_IDENTIFIER=x86 Family 6 Model 23 Stepping 10, GenuineIntel



---------------  S Y S T E M  ---------------

OS: Windows XP Build 2600 Service Pack 3

CPU:total 2 (2 cores per cpu, 1 threads per core) family 6 model 23 stepping 10, cmov, cx8, fxsr, mmx, sse, sse2, sse3, ssse3, tsc

Memory: 4k page, physical 2096300k(585436k free), swap 6035488k(3665892k free)

vm_info: Java HotSpot(TM) Client VM (24.60-b09) for windows-x86 JRE (1.7.0_60-b19), built on May  7 2014 13:09:52 by "java_re" with unknown MS VC++:1600

time: Mon Dec 01 20:37:27 2014
elapsed time: 1 seconds

